OBJ import: cannot read from MTL file: '/home/kosal/cbnu_project/AI/picking-arm-robot/synthetic_dataset_generate/output/_tmp_meshes/레보진시럽.mtl'
/home/kosal/cbnu_project/AI/picking-arm-robot/synthetic_dataset_generate/.venv_synth/lib/python3.11/site-packages/blenderproc/python/types/MeshObjectUtility.py:259: UserWarning: MeshObject 레보진시럽_template has no rigid_body component enabled
  warnings.warn(f"MeshObject {self.get_name()} has no rigid_body component enabled")
OBJ import: cannot read from MTL file: '/home/kosal/cbnu_project/AI/picking-arm-robot/synthetic_dataset_generate/output/_tmp_meshes/콜민A시럽.mtl'
/home/kosal/cbnu_project/AI/picking-arm-robot/synthetic_dataset_generate/.venv_synth/lib/python3.11/site-packages/blenderproc/python/types/MeshObjectUtility.py:259: UserWarning: MeshObject 콜민A시럽_template has no rigid_body component enabled
  warnings.warn(f"MeshObject {self.get_name()} has no rigid_body component enabled")
OBJ import: cannot read from MTL file: '/home/kosal/cbnu_project/AI/picking-arm-robot/synthetic_dataset_generate/output/_tmp_meshes/파란뚜껑 약통.mtl'
/home/kosal/cbnu_project/AI/picking-arm-robot/synthetic_dataset_generate/.venv_synth/lib/python3.11/site-packages/blenderproc/python/types/MeshObjectUtility.py:259: UserWarning: MeshObject 파란뚜껑 약통_template has no rigid_body component enabled
  warnings.warn(f"MeshObject {self.get_name()} has no rigid_body component enabled")
OBJ import: cannot read from MTL file: '/home/kosal/cbnu_project/AI/picking-arm-robot/synthetic_dataset_generate/output/_tmp_meshes/하얀 약통.mtl'
/home/kosal/cbnu_project/AI/picking-arm-robot/synthetic_dataset_generate/.venv_synth/lib/python3.11/site-packages/blenderproc/python/types/MeshObjectUtility.py:259: UserWarning: MeshObject 하얀 약통_template has no rigid_body component enabled
  warnings.warn(f"MeshObject {self.get_name()} has no rigid_body component enabled")
Selecting render devices...
Device NVIDIA RTX A6000 of type CUDA found and used.
Device NVIDIA RTX A6000 of type CUDA found and used.
Device AMD Ryzen Threadripper PRO 5955WX 16-Cores of type CPU found and used.
[info] loaded 4 mesh classes from /home/kosal/cbnu_project/AI/picking-arm-robot/synthetic_dataset_generate/sample_data/Medicine box OBJ_260324/2026-04-22
[info] placed 32 bottle instances
Running simulation up to 3 seconds (72 frames)
Running simulation up to 4 seconds (96 frames)
Running simulation up to 5 seconds (120 frames)
Stopping simulation as configured max_simulation_time has been reached
Rendering 1 frames of colors, depth...

Finished rendering after 6.897 seconds
Rendering 1 frames of colors, depth...

Finished rendering after 2.424 seconds
/dev/shm/blender_proc_e7a9cb48ab2f416b84ed12835e76444f/seg_0000.exr (1080, 1920, 3)
[info] rendering amodal masks for 32 instances...
Rendering 1 frames of colors, depth, segmap...

Finished rendering after 0.726 seconds
/dev/shm/blender_proc_e7a9cb48ab2f416b84ed12835e76444f/seg_0000.exr (1080, 1920, 3)
Warning! Detected output entries with duplicate keys and paths
Warning! Detected output entries with duplicate keys and paths
Rendering 1 frames of colors, depth, segmap...

Finished rendering after 0.740 seconds
/dev/shm/blender_proc_e7a9cb48ab2f416b84ed12835e76444f/seg_0000.exr (1080, 1920, 3)
Warning! Detected output entries with duplicate keys and paths
Warning! Detected output entries with duplicate keys and paths
Rendering 1 frames of colors, depth, segmap...

Finished rendering after 0.733 seconds
/dev/shm/blender_proc_e7a9cb48ab2f416b84ed12835e76444f/seg_0000.exr (1080, 1920, 3)
Warning! Detected output entries with duplicate keys and paths
Warning! Detected output entries with duplicate keys and paths
Rendering 1 frames of colors, depth, segmap...

Finished rendering after 0.761 seconds
/dev/shm/blender_proc_e7a9cb48ab2f416b84ed12835e76444f/seg_0000.exr (1080, 1920, 3)
Warning! Detected output entries with duplicate keys and paths
Warning! Detected output entries with duplicate keys and paths
Rendering 1 frames of colors, depth, segmap...

Finished rendering after 0.772 seconds
/dev/shm/blender_proc_e7a9cb48ab2f416b84ed12835e76444f/seg_0000.exr (1080, 1920, 3)
Warning! Detected output entries with duplicate keys and paths
Warning! Detected output entries with duplicate keys and paths
Rendering 1 frames of colors, depth, segmap...

Finished rendering after 0.773 seconds
/dev/shm/blender_proc_e7a9cb48ab2f416b84ed12835e76444f/seg_0000.exr (1080, 1920, 3)
Warning! Detected output entries with duplicate keys and paths
Warning! Detected output entries with duplicate keys and paths
Rendering 1 frames of colors, depth, segmap...

Finished rendering after 0.747 seconds
/dev/shm/blender_proc_e7a9cb48ab2f416b84ed12835e76444f/seg_0000.exr (1080, 1920, 3)
Warning! Detected output entries with duplicate keys and paths
Warning! Detected output entries with duplicate keys and paths
Rendering 1 frames of colors, depth, segmap...

Finished rendering after 0.750 seconds
/dev/shm/blender_proc_e7a9cb48ab2f416b84ed12835e76444f/seg_0000.exr (1080, 1920, 3)
Warning! Detected output entries with duplicate keys and paths
Warning! Detected output entries with duplicate keys and paths
Rendering 1 frames of colors, depth, segmap...

Finished rendering after 0.534 seconds
/dev/shm/blender_proc_e7a9cb48ab2f416b84ed12835e76444f/seg_0000.exr (1080, 1920, 3)
Warning! Detected output entries with duplicate keys and paths
Warning! Detected output entries with duplicate keys and paths
Rendering 1 frames of colors, depth, segmap...

Finished rendering after 0.506 seconds
/dev/shm/blender_proc_e7a9cb48ab2f416b84ed12835e76444f/seg_0000.exr (1080, 1920, 3)
Warning! Detected output entries with duplicate keys and paths
Warning! Detected output entries with duplicate keys and paths
Rendering 1 frames of colors, depth, segmap...

Finished rendering after 0.540 seconds
/dev/shm/blender_proc_e7a9cb48ab2f416b84ed12835e76444f/seg_0000.exr (1080, 1920, 3)
Warning! Detected output entries with duplicate keys and paths
Warning! Detected output entries with duplicate keys and paths
Rendering 1 frames of colors, depth, segmap...

Finished rendering after 0.518 seconds
/dev/shm/blender_proc_e7a9cb48ab2f416b84ed12835e76444f/seg_0000.exr (1080, 1920, 3)
Warning! Detected output entries with duplicate keys and paths
Warning! Detected output entries with duplicate keys and paths
Rendering 1 frames of colors, depth, segmap...

Finished rendering after 0.517 seconds
/dev/shm/blender_proc_e7a9cb48ab2f416b84ed12835e76444f/seg_0000.exr (1080, 1920, 3)
Warning! Detected output entries with duplicate keys and paths
Warning! Detected output entries with duplicate keys and paths
Rendering 1 frames of colors, depth, segmap...

Finished rendering after 0.501 seconds
/dev/shm/blender_proc_e7a9cb48ab2f416b84ed12835e76444f/seg_0000.exr (1080, 1920, 3)
Warning! Detected output entries with duplicate keys and paths
Warning! Detected output entries with duplicate keys and paths
Rendering 1 frames of colors, depth, segmap...

Finished rendering after 0.520 seconds
/dev/shm/blender_proc_e7a9cb48ab2f416b84ed12835e76444f/seg_0000.exr (1080, 1920, 3)
Warning! Detected output entries with duplicate keys and paths
Warning! Detected output entries with duplicate keys and paths
Rendering 1 frames of colors, depth, segmap...

Finished rendering after 0.503 seconds
/dev/shm/blender_proc_e7a9cb48ab2f416b84ed12835e76444f/seg_0000.exr (1080, 1920, 3)
Warning! Detected output entries with duplicate keys and paths
Warning! Detected output entries with duplicate keys and paths
Rendering 1 frames of colors, depth, segmap...

Finished rendering after 0.581 seconds
/dev/shm/blender_proc_e7a9cb48ab2f416b84ed12835e76444f/seg_0000.exr (1080, 1920, 3)
Warning! Detected output entries with duplicate keys and paths
Warning! Detected output entries with duplicate keys and paths
Rendering 1 frames of colors, depth, segmap...

Finished rendering after 0.534 seconds
/dev/shm/blender_proc_e7a9cb48ab2f416b84ed12835e76444f/seg_0000.exr (1080, 1920, 3)
Warning! Detected output entries with duplicate keys and paths
Warning! Detected output entries with duplicate keys and paths
Rendering 1 frames of colors, depth, segmap...

Finished rendering after 0.567 seconds
/dev/shm/blender_proc_e7a9cb48ab2f416b84ed12835e76444f/seg_0000.exr (1080, 1920, 3)
Warning! Detected output entries with duplicate keys and paths
Warning! Detected output entries with duplicate keys and paths
Rendering 1 frames of colors, depth, segmap...

Finished rendering after 0.560 seconds
/dev/shm/blender_proc_e7a9cb48ab2f416b84ed12835e76444f/seg_0000.exr (1080, 1920, 3)
Warning! Detected output entries with duplicate keys and paths
Warning! Detected output entries with duplicate keys and paths
Rendering 1 frames of colors, depth, segmap...

Finished rendering after 0.578 seconds
/dev/shm/blender_proc_e7a9cb48ab2f416b84ed12835e76444f/seg_0000.exr (1080, 1920, 3)
Warning! Detected output entries with duplicate keys and paths
Warning! Detected output entries with duplicate keys and paths
Rendering 1 frames of colors, depth, segmap...

Finished rendering after 0.562 seconds
/dev/shm/blender_proc_e7a9cb48ab2f416b84ed12835e76444f/seg_0000.exr (1080, 1920, 3)
Warning! Detected output entries with duplicate keys and paths
Warning! Detected output entries with duplicate keys and paths
Rendering 1 frames of colors, depth, segmap...

Finished rendering after 0.530 seconds
/dev/shm/blender_proc_e7a9cb48ab2f416b84ed12835e76444f/seg_0000.exr (1080, 1920, 3)
Warning! Detected output entries with duplicate keys and paths
Warning! Detected output entries with duplicate keys and paths
Rendering 1 frames of colors, depth, segmap...

Finished rendering after 0.549 seconds
/dev/shm/blender_proc_e7a9cb48ab2f416b84ed12835e76444f/seg_0000.exr (1080, 1920, 3)
Warning! Detected output entries with duplicate keys and paths
Warning! Detected output entries with duplicate keys and paths
Rendering 1 frames of colors, depth, segmap...

Finished rendering after 0.509 seconds
/dev/shm/blender_proc_e7a9cb48ab2f416b84ed12835e76444f/seg_0000.exr (1080, 1920, 3)
Warning! Detected output entries with duplicate keys and paths
Warning! Detected output entries with duplicate keys and paths
Rendering 1 frames of colors, depth, segmap...

Finished rendering after 0.531 seconds
/dev/shm/blender_proc_e7a9cb48ab2f416b84ed12835e76444f/seg_0000.exr (1080, 1920, 3)
Warning! Detected output entries with duplicate keys and paths
Warning! Detected output entries with duplicate keys and paths
Rendering 1 frames of colors, depth, segmap...

Finished rendering after 0.505 seconds
/dev/shm/blender_proc_e7a9cb48ab2f416b84ed12835e76444f/seg_0000.exr (1080, 1920, 3)
Warning! Detected output entries with duplicate keys and paths
Warning! Detected output entries with duplicate keys and paths
Rendering 1 frames of colors, depth, segmap...

Finished rendering after 0.527 seconds
/dev/shm/blender_proc_e7a9cb48ab2f416b84ed12835e76444f/seg_0000.exr (1080, 1920, 3)
Warning! Detected output entries with duplicate keys and paths
Warning! Detected output entries with duplicate keys and paths
Rendering 1 frames of colors, depth, segmap...

Finished rendering after 0.513 seconds
/dev/shm/blender_proc_e7a9cb48ab2f416b84ed12835e76444f/seg_0000.exr (1080, 1920, 3)
Warning! Detected output entries with duplicate keys and paths
Warning! Detected output entries with duplicate keys and paths
Rendering 1 frames of colors, depth, segmap...

Finished rendering after 0.528 seconds
/dev/shm/blender_proc_e7a9cb48ab2f416b84ed12835e76444f/seg_0000.exr (1080, 1920, 3)
Warning! Detected output entries with duplicate keys and paths
Warning! Detected output entries with duplicate keys and paths
Rendering 1 frames of colors, depth, segmap...

Finished rendering after 0.496 seconds
/dev/shm/blender_proc_e7a9cb48ab2f416b84ed12835e76444f/seg_0000.exr (1080, 1920, 3)
Warning! Detected output entries with duplicate keys and paths
Warning! Detected output entries with duplicate keys and paths
Rendering 1 frames of colors, depth, segmap...

Finished rendering after 0.518 seconds
/dev/shm/blender_proc_e7a9cb48ab2f416b84ed12835e76444f/seg_0000.exr (1080, 1920, 3)
Warning! Detected output entries with duplicate keys and paths
Warning! Detected output entries with duplicate keys and paths
[ok] scene saved to /home/kosal/cbnu_project/AI/picking-arm-robot/synthetic_dataset_generate/output/scene_000004
     30 instances total, 10 partially occluded

Blender quit
Warning: Changed install path from /home_local/kosal... to /home/kosal..., there is no /home_local/ on this machine.
Using blender in /home/kosal/blender/blender-4.2.1-linux-x64
Using temporary directory: /dev/shm/blender_proc_e7a9cb48ab2f416b84ed12835e76444f
Cleaning temporary directory
